# JRE version: Java(TM) SE Runtime Environment (8.0_211-b12) (build 1.8.0_211-b12)
# Java VM: Java HotSpot(TM) 64-Bit Server VM (25.211-b12 mixed mode windows-amd64 compressed oops)
Heap:
 PSYoungGen      total 263168K, used 59232K [0x0000000780a00000, 0x0000000797f80000, 0x00000007c0000000)
  eden space 239616K, 18% used [0x0000000780a00000,0x0000000783675b20,0x000000078f400000)
  from space 23552K, 58% used [0x000000078f400000,0x0000000790162808,0x0000000790b00000)
  to   space 23040K, 0% used [0x0000000796900000,0x0000000796900000,0x0000000797f80000)
 ParOldGen       total 117760K, used 64356K [0x0000000701e00000, 0x0000000709100000, 0x0000000780a00000)
  object space 117760K, 54% used [0x0000000701e00000,0x0000000705cd9208,0x0000000709100000)
 Metaspace       used 34009K, capacity 34435K, committed 34816K, reserved 1079296K
  class space    used 4638K, capacity 4784K, committed 4864K, reserved 1048576K
GC Heap History (10 events):
Event: 9.839 GC heap before
{Heap before GC invocations=13 (full 2):
 PSYoungGen      total 146432K, used 12498K [0x0000000780a00000, 0x000000078de00000, 0x00000007c0000000)
  eden space 120832K, 0% used [0x0000000780a00000,0x0000000780a00000,0x0000000788000000)
  from space 25600K, 48% used [0x0000000788000000,0x0000000788c34ad0,0x0000000789900000)
  to   space 24576K, 0% used [0x000000078c600000,0x000000078c600000,0x000000078de00000)
 ParOldGen       total 131072K, used 56491K [0x0000000701e00000, 0x0000000709e00000, 0x0000000780a00000)
  object space 131072K, 43% used [0x0000000701e00000,0x000000070552af38,0x0000000709e00000)
 Metaspace       used 20881K, capacity 21128K, committed 21248K, reserved 1067008K
  class space    used 2627K, capacity 2725K, committed 2816K, reserved 1048576K
Event: 9.917 GC heap after
Heap after GC invocations=13 (full 2):
 PSYoungGen      total 146432K, used 0K [0x0000000780a00000, 0x000000078de00000, 0x00000007c0000000)
  eden space 120832K, 0% used [0x0000000780a00000,0x0000000780a00000,0x0000000788000000)
  from space 25600K, 0% used [0x0000000788000000,0x0000000788000000,0x0000000789900000)
  to   space 24576K, 0% used [0x000000078c600000,0x000000078c600000,0x000000078de00000)
 ParOldGen       total 117760K, used 44384K [0x0000000701e00000, 0x0000000709100000, 0x0000000780a00000)
  object space 117760K, 37% used [0x0000000701e00000,0x00000007049580c8,0x0000000709100000)
 Metaspace       used 20881K, capacity 21128K, committed 21248K, reserved 1067008K
  class space    used 2627K, capacity 2725K, committed 2816K, reserved 1048576K
}
Event: 11.319 GC heap before
{Heap before GC invocations=14 (full 2):
 PSYoungGen      total 146432K, used 120832K [0x0000000780a00000, 0x000000078de00000, 0x00000007c0000000)
  eden space 120832K, 100% used [0x0000000780a00000,0x0000000788000000,0x0000000788000000)
  from space 25600K, 0% used [0x0000000788000000,0x0000000788000000,0x0000000789900000)
  to   space 24576K, 0% used [0x000000078c600000,0x000000078c600000,0x000000078de00000)
 ParOldGen       total 117760K, used 44384K [0x0000000701e00000, 0x0000000709100000, 0x0000000780a00000)
  object space 117760K, 37% used [0x0000000701e00000,0x00000007049580c8,0x0000000709100000)
 Metaspace       used 23694K, capacity 24072K, committed 24448K, reserved 1071104K
  class space    used 2957K, capacity 3087K, committed 3200K, reserved 1048576K
Event: 11.342 GC heap after
Heap after GC invocations=14 (full 2):
 PSYoungGen      total 192000K, used 4119K [0x0000000780a00000, 0x000000078e880000, 0x00000007c0000000)
  eden space 167424K, 0% used [0x0000000780a00000,0x0000000780a00000,0x000000078ad80000)
  from space 24576K, 16% used [0x000000078c600000,0x000000078ca05de0,0x000000078de00000)
  to   space 25088K, 0% used [0x000000078ad80000,0x000000078ad80000,0x000000078c600000)
 ParOldGen       total 117760K, used 44392K [0x0000000701e00000, 0x0000000709100000, 0x0000000780a00000)
  object space 117760K, 37% used [0x0000000701e00000,0x000000070495a0c8,0x0000000709100000)
 Metaspace       used 23694K, capacity 24072K, committed 24448K, reserved 1071104K
  class space    used 2957K, capacity 3087K, committed 3200K, reserved 1048576K
}
Event: 13.639 GC heap before
{Heap before GC invocations=15 (full 2):
 PSYoungGen      total 192000K, used 171543K [0x0000000780a00000, 0x000000078e880000, 0x00000007c0000000)
  eden space 167424K, 100% used [0x0000000780a00000,0x000000078ad80000,0x000000078ad80000)
  from space 24576K, 16% used [0x000000078c600000,0x000000078ca05de0,0x000000078de00000)
  to   space 25088K, 0% used [0x000000078ad80000,0x000000078ad80000,0x000000078c600000)
 ParOldGen       total 117760K, used 44392K [0x0000000701e00000, 0x0000000709100000, 0x0000000780a00000)
  object space 117760K, 37% used [0x0000000701e00000,0x000000070495a0c8,0x0000000709100000)
 Metaspace       used 25813K, capacity 26120K, committed 26368K, reserved 1073152K
  class space    used 3357K, capacity 3471K, committed 3584K, reserved 1048576K
Event: 13.654 GC heap after
Heap after GC invocations=15 (full 2):
 PSYoungGen      total 192512K, used 12328K [0x0000000780a00000, 0x0000000792580000, 0x00000007c0000000)
  eden space 167424K, 0% used [0x0000000780a00000,0x0000000780a00000,0x000000078ad80000)
  from space 25088K, 49% used [0x000000078ad80000,0x000000078b98a030,0x000000078c600000)
  to   space 24064K, 0% used [0x0000000790e00000,0x0000000790e00000,0x0000000792580000)
 ParOldGen       total 117760K, used 46990K [0x0000000701e00000, 0x0000000709100000, 0x0000000780a00000)
  object space 117760K, 39% used [0x0000000701e00000,0x0000000704be3800,0x0000000709100000)
 Metaspace       used 25813K, capacity 26120K, committed 26368K, reserved 1073152K
  class space    used 3357K, capacity 3471K, committed 3584K, reserved 1048576K
}
Event: 15.071 GC heap before
{Heap before GC invocations=16 (full 2):
 PSYoungGen      total 192512K, used 179752K [0x0000000780a00000, 0x0000000792580000, 0x00000007c0000000)
  eden space 167424K, 100% used [0x0000000780a00000,0x000000078ad80000,0x000000078ad80000)
  from space 25088K, 49% used [0x000000078ad80000,0x000000078b98a030,0x000000078c600000)
  to   space 24064K, 0% used [0x0000000790e00000,0x0000000790e00000,0x0000000792580000)
 ParOldGen       total 117760K, used 46990K [0x0000000701e00000, 0x0000000709100000, 0x0000000780a00000)
  object space 117760K, 39% used [0x0000000701e00000,0x0000000704be3800,0x0000000709100000)
 Metaspace       used 27489K, capacity 27752K, committed 27904K, reserved 1073152K
  class space    used 3717K, capacity 3823K, committed 3840K, reserved 1048576K
Event: 15.095 GC heap after
Heap after GC invocations=16 (full 2):
 PSYoungGen      total 260096K, used 9079K [0x0000000780a00000, 0x0000000792200000, 0x00000007c0000000)
  eden space 239616K, 0% used [0x0000000780a00000,0x0000000780a00000,0x000000078f400000)
  from space 20480K, 44% used [0x0000000790e00000,0x00000007916dde60,0x0000000792200000)
  to   space 23552K, 0% used [0x000000078f400000,0x000000078f400000,0x0000000790b00000)
 ParOldGen       total 117760K, used 57064K [0x0000000701e00000, 0x0000000709100000, 0x0000000780a00000)
  object space 117760K, 48% used [0x0000000701e00000,0x00000007055ba110,0x0000000709100000)
 Metaspace       used 27489K, capacity 27752K, committed 27904K, reserved 1073152K
  class space    used 3717K, capacity 3823K, committed 3840K, reserved 1048576K
}
Event: 18.285 GC heap before
{Heap before GC invocations=17 (full 2):
 PSYoungGen      total 260096K, used 248695K [0x0000000780a00000, 0x0000000792200000, 0x00000007c0000000)
  eden space 239616K, 100% used [0x0000000780a00000,0x000000078f400000,0x000000078f400000)
  from space 20480K, 44% used [0x0000000790e00000,0x00000007916dde60,0x0000000792200000)
  to   space 23552K, 0% used [0x000000078f400000,0x000000078f400000,0x0000000790b00000)
 ParOldGen       total 117760K, used 57064K [0x0000000701e00000, 0x0000000709100000, 0x0000000780a00000)
  object space 117760K, 48% used [0x0000000701e00000,0x00000007055ba110,0x0000000709100000)
 Metaspace       used 31450K, capacity 31764K, committed 32000K, reserved 1077248K
  class space    used 4414K, capacity 4542K, committed 4608K, reserved 1048576K
Event: 18.306 GC heap after
Heap after GC invocations=17 (full 2):
 PSYoungGen      total 263168K, used 13706K [0x0000000780a00000, 0x0000000797f80000, 0x00000007c0000000)
  eden space 239616K, 0% used [0x0000000780a00000,0x0000000780a00000,0x000000078f400000)
  from space 23552K, 58% used [0x000000078f400000,0x0000000790162808,0x0000000790b00000)
  to   space 23040K, 0% used [0x0000000796900000,0x0000000796900000,0x0000000797f80000)
 ParOldGen       total 117760K, used 64356K [0x0000000701e00000, 0x0000000709100000, 0x0000000780a00000)
  object space 117760K, 54% used [0x0000000701e00000,0x0000000705cd9208,0x0000000709100000)
 Metaspace       used 31450K, capacity 31764K, committed 32000K, reserved 1077248K
  class space    used 4414K, capacity 4542K, committed 4608K, reserved 1048576K
}

